<?xml version="1.0" encoding="UTF-8"?>
<!-- Generated by org.testng.reporters.JUnitXMLReporter -->
<testsuite ignored="0" hostname="DESKTOP-8ULRVV8" failures="0" tests="6" name="Default test" time="187.982" errors="0" timestamp="2021-02-13T13:40:29 IST">
  <testcase classname="cucumber.api.testng.AbstractTestNGCucumberTests" name="feature" time="38.506"/>
  <testcase classname="cucumber.api.testng.AbstractTestNGCucumberTests" name="feature" time="23.678"/>
  <testcase classname="cucumber.api.testng.AbstractTestNGCucumberTests" name="feature" time="20.456"/>
  <testcase classname="cucumber.api.testng.AbstractTestNGCucumberTests" name="feature" time="23.265"/>
  <testcase classname="cucumber.api.testng.AbstractTestNGCucumberTests" name="feature" time="56.824"/>
  <testcase classname="cucumber.api.testng.AbstractTestNGCucumberTests" name="feature" time="24.292"/>
</testsuite> <!-- Default test -->
