<?xml version="1.0" encoding="UTF-8"?>
<!-- Generated by org.testng.reporters.JUnitXMLReporter -->
<testsuite ignored="0" hostname="DESKTOP-8ULRVV8" failures="0" tests="6" name="Default test" time="153.872" errors="0" timestamp="2021-02-13T14:33:39 IST">
  <testcase classname="cucumber.api.testng.AbstractTestNGCucumberTests" name="feature" time="47.173"/>
  <testcase classname="cucumber.api.testng.AbstractTestNGCucumberTests" name="feature" time="25.917"/>
  <testcase classname="cucumber.api.testng.AbstractTestNGCucumberTests" name="feature" time="18.697"/>
  <testcase classname="cucumber.api.testng.AbstractTestNGCucumberTests" name="feature" time="20.312"/>
  <testcase classname="cucumber.api.testng.AbstractTestNGCucumberTests" name="feature" time="20.099"/>
  <testcase classname="cucumber.api.testng.AbstractTestNGCucumberTests" name="feature" time="20.058"/>
</testsuite> <!-- Default test -->
