<?xml version="1.0" encoding="UTF-8"?>
<testng-results ignored="0" total="6" passed="6" failed="0" skipped="0">
  <reporter-output>
  </reporter-output>
  <suite started-at="2021-02-13T13:37:21 IST" name="Default suite" finished-at="2021-02-13T13:40:29 IST" duration-ms="187982">
    <groups>
      <group name="cucumber">
        <method signature="AbstractTestNGCucumberTests.feature(cucumber.api.testng.CucumberFeatureWrapper)[pri:0, instance:testrunner@1349883]" name="feature" class="cucumber.api.testng.AbstractTestNGCucumberTests"/>
      </group> <!-- cucumber -->
    </groups>
    <test started-at="2021-02-13T13:37:21 IST" name="Default test" finished-at="2021-02-13T13:40:29 IST" duration-ms="187982">
      <class name="testrunner">
        <test-method is-config="true" signature="setUpClass()[pri:0, instance:testrunner@1349883]" started-at="2021-02-13T13:37:21 IST" name="setUpClass" finished-at="2021-02-13T13:37:22 IST" duration-ms="703" status="PASS">
          <reporter-output>
          </reporter-output>
        </test-method> <!-- setUpClass -->
        <test-method signature="feature(cucumber.api.testng.CucumberFeatureWrapper)[pri:0, instance:testrunner@1349883]" started-at="2021-02-13T13:37:22 IST" name="feature" description="Runs Cucumber Feature" data-provider="features" finished-at="2021-02-13T13:38:01 IST" duration-ms="38506" status="PASS">
          <params>
            <param index="0">
              <value>
                <![CDATA[login to the application]]>
              </value>
            </param>
          </params>
          <reporter-output>
          </reporter-output>
        </test-method> <!-- feature -->
        <test-method signature="feature(cucumber.api.testng.CucumberFeatureWrapper)[pri:0, instance:testrunner@1349883]" started-at="2021-02-13T13:38:01 IST" name="feature" description="Runs Cucumber Feature" data-provider="features" finished-at="2021-02-13T13:38:24 IST" duration-ms="23678" status="PASS">
          <params>
            <param index="0">
              <value>
                <![CDATA[Navigating to PIM from Dashboard]]>
              </value>
            </param>
          </params>
          <reporter-output>
          </reporter-output>
        </test-method> <!-- feature -->
        <test-method signature="feature(cucumber.api.testng.CucumberFeatureWrapper)[pri:0, instance:testrunner@1349883]" started-at="2021-02-13T13:38:24 IST" name="feature" description="Runs Cucumber Feature" data-provider="features" finished-at="2021-02-13T13:38:45 IST" duration-ms="20456" status="PASS">
          <params>
            <param index="0">
              <value>
                <![CDATA[Searching for employee details]]>
              </value>
            </param>
          </params>
          <reporter-output>
          </reporter-output>
        </test-method> <!-- feature -->
        <test-method signature="feature(cucumber.api.testng.CucumberFeatureWrapper)[pri:0, instance:testrunner@1349883]" started-at="2021-02-13T13:38:45 IST" name="feature" description="Runs Cucumber Feature" data-provider="features" finished-at="2021-02-13T13:39:08 IST" duration-ms="23265" status="PASS">
          <params>
            <param index="0">
              <value>
                <![CDATA[Navigating to recruitment tab]]>
              </value>
            </param>
          </params>
          <reporter-output>
          </reporter-output>
        </test-method> <!-- feature -->
        <test-method signature="feature(cucumber.api.testng.CucumberFeatureWrapper)[pri:0, instance:testrunner@1349883]" started-at="2021-02-13T13:39:08 IST" name="feature" description="Runs Cucumber Feature" data-provider="features" finished-at="2021-02-13T13:40:05 IST" duration-ms="56824" status="PASS">
          <params>
            <param index="0">
              <value>
                <![CDATA[editing personal details]]>
              </value>
            </param>
          </params>
          <reporter-output>
          </reporter-output>
        </test-method> <!-- feature -->
        <test-method signature="feature(cucumber.api.testng.CucumberFeatureWrapper)[pri:0, instance:testrunner@1349883]" started-at="2021-02-13T13:40:05 IST" name="feature" description="Runs Cucumber Feature" data-provider="features" finished-at="2021-02-13T13:40:29 IST" duration-ms="24292" status="PASS">
          <params>
            <param index="0">
              <value>
                <![CDATA[logging out of the application]]>
              </value>
            </param>
          </params>
          <reporter-output>
          </reporter-output>
        </test-method> <!-- feature -->
        <test-method is-config="true" signature="tearDownClass()[pri:0, instance:testrunner@1349883]" started-at="2021-02-13T13:40:29 IST" name="tearDownClass" finished-at="2021-02-13T13:40:29 IST" duration-ms="7" status="PASS">
          <reporter-output>
          </reporter-output>
        </test-method> <!-- tearDownClass -->
      </class> <!-- testrunner -->
    </test> <!-- Default test -->
  </suite> <!-- Default suite -->
</testng-results>
