<?xml version="1.0" encoding="UTF-8"?>
<testng-results ignored="0" total="6" passed="6" failed="0" skipped="0">
  <reporter-output>
  </reporter-output>
  <suite started-at="2021-02-13T14:31:05 IST" name="Default suite" finished-at="2021-02-13T14:33:39 IST" duration-ms="153872">
    <groups>
      <group name="cucumber">
        <method signature="AbstractTestNGCucumberTests.feature(cucumber.api.testng.CucumberFeatureWrapper)[pri:0, instance:testrunner@4082ba93]" name="feature" class="cucumber.api.testng.AbstractTestNGCucumberTests"/>
      </group> <!-- cucumber -->
    </groups>
    <test started-at="2021-02-13T14:31:05 IST" name="Default test" finished-at="2021-02-13T14:33:39 IST" duration-ms="153872">
      <class name="testrunner">
        <test-method is-config="true" signature="setUpClass()[pri:0, instance:testrunner@4082ba93]" started-at="2021-02-13T14:31:05 IST" name="setUpClass" finished-at="2021-02-13T14:31:06 IST" duration-ms="1031" status="PASS">
          <reporter-output>
          </reporter-output>
        </test-method> <!-- setUpClass -->
        <test-method signature="feature(cucumber.api.testng.CucumberFeatureWrapper)[pri:0, instance:testrunner@4082ba93]" started-at="2021-02-13T14:31:06 IST" name="feature" description="Runs Cucumber Feature" data-provider="features" finished-at="2021-02-13T14:31:53 IST" duration-ms="47173" status="PASS">
          <params>
            <param index="0">
              <value>
                <![CDATA[login to the application]]>
              </value>
            </param>
          </params>
          <reporter-output>
          </reporter-output>
        </test-method> <!-- feature -->
        <test-method signature="feature(cucumber.api.testng.CucumberFeatureWrapper)[pri:0, instance:testrunner@4082ba93]" started-at="2021-02-13T14:31:53 IST" name="feature" description="Runs Cucumber Feature" data-provider="features" finished-at="2021-02-13T14:32:19 IST" duration-ms="25917" status="PASS">
          <params>
            <param index="0">
              <value>
                <![CDATA[Navigating to PIM from Dashboard]]>
              </value>
            </param>
          </params>
          <reporter-output>
          </reporter-output>
        </test-method> <!-- feature -->
        <test-method signature="feature(cucumber.api.testng.CucumberFeatureWrapper)[pri:0, instance:testrunner@4082ba93]" started-at="2021-02-13T14:32:19 IST" name="feature" description="Runs Cucumber Feature" data-provider="features" finished-at="2021-02-13T14:32:38 IST" duration-ms="18697" status="PASS">
          <params>
            <param index="0">
              <value>
                <![CDATA[Searching for employee details]]>
              </value>
            </param>
          </params>
          <reporter-output>
          </reporter-output>
        </test-method> <!-- feature -->
        <test-method signature="feature(cucumber.api.testng.CucumberFeatureWrapper)[pri:0, instance:testrunner@4082ba93]" started-at="2021-02-13T14:32:38 IST" name="feature" description="Runs Cucumber Feature" data-provider="features" finished-at="2021-02-13T14:32:58 IST" duration-ms="20312" status="PASS">
          <params>
            <param index="0">
              <value>
                <![CDATA[Navigating to recruitment tab]]>
              </value>
            </param>
          </params>
          <reporter-output>
          </reporter-output>
        </test-method> <!-- feature -->
        <test-method signature="feature(cucumber.api.testng.CucumberFeatureWrapper)[pri:0, instance:testrunner@4082ba93]" started-at="2021-02-13T14:32:58 IST" name="feature" description="Runs Cucumber Feature" data-provider="features" finished-at="2021-02-13T14:33:18 IST" duration-ms="20099" status="PASS">
          <params>
            <param index="0">
              <value>
                <![CDATA[editing personal details]]>
              </value>
            </param>
          </params>
          <reporter-output>
          </reporter-output>
        </test-method> <!-- feature -->
        <test-method signature="feature(cucumber.api.testng.CucumberFeatureWrapper)[pri:0, instance:testrunner@4082ba93]" started-at="2021-02-13T14:33:18 IST" name="feature" description="Runs Cucumber Feature" data-provider="features" finished-at="2021-02-13T14:33:39 IST" duration-ms="20058" status="PASS">
          <params>
            <param index="0">
              <value>
                <![CDATA[logging out of the application]]>
              </value>
            </param>
          </params>
          <reporter-output>
          </reporter-output>
        </test-method> <!-- feature -->
        <test-method is-config="true" signature="tearDownClass()[pri:0, instance:testrunner@4082ba93]" started-at="2021-02-13T14:33:39 IST" name="tearDownClass" finished-at="2021-02-13T14:33:39 IST" duration-ms="40" status="PASS">
          <reporter-output>
          </reporter-output>
        </test-method> <!-- tearDownClass -->
      </class> <!-- testrunner -->
    </test> <!-- Default test -->
  </suite> <!-- Default suite -->
</testng-results>
